<?xml version="1.0" encoding="UTF-8" standalone="no"?>
<testsuite failures="0" name="cucumber.runtime.formatter.JUnitFormatter" skipped="0" tests="3" time="0.061104">
<testcase classname="Parsing User Input" name="Parse a valid single word command" time="0.060671">
<system-out><![CDATA[Given the game parser.......................................................passed
When the command "inventory" is parsed......................................passed
Then the verb is "inventory"................................................passed
And there is no direct object...............................................passed
And the parser response is "Success"........................................passed
]]></system-out>
</testcase>
<testcase classname="Parsing User Input" name="Parse a command with a direct object" time="0.00019">
<system-out><![CDATA[Given the game parser.......................................................passed
When the command "get spade" is parsed......................................passed
Then the verb is "get"......................................................passed
And the direct object is "spade"............................................passed
And the parser response is "Success"........................................passed
]]></system-out>
</testcase>
<testcase classname="Parsing User Input" name="Parse a command with an indirect object" time="0.000243">
<system-out><![CDATA[Given the game parser.......................................................passed
When the command "dig earth with spade" is parsed...........................passed
Then the verb is "dig"......................................................passed
And the direct object is "earth"............................................passed
And the indirect object is "spade"..........................................passed
And the parser response is "Success"........................................passed
]]></system-out>
</testcase>
</testsuite>
